18:03:46.041 INFO - Selenium build info: version: '3.7.1', revision: '8a0099a'
18:03:46.166 INFO - Launching a standalone Selenium Server
2017-11-28 18:03:47.382:INFO::main: Logging initialized @5053ms to org.seleniumhq.jetty9.util.log.StdErrLog
18:03:49.883 INFO - Driver class not found: com.opera.core.systems.OperaDriver
18:03:53.144 INFO - Driver provider class org.openqa.selenium.ie.InternetExplorerDriver registration is skipped:
 registration capabilities Capabilities {browserName: internet explorer, ensureCleanSession: true, platform: WINDOWS, version: } does not match the current platform LINUX
18:03:53.145 INFO - Driver provider class org.openqa.selenium.edge.EdgeDriver registration is skipped:
 registration capabilities Capabilities {browserName: MicrosoftEdge, platform: WINDOWS, version: } does not match the current platform LINUX
18:03:53.146 INFO - Driver provider class org.openqa.selenium.safari.SafariDriver registration is skipped:
 registration capabilities Capabilities {browserName: safari, platform: MAC, version: } does not match the current platform LINUX
18:03:54.019 INFO - Using the passthrough mode handler
2017-11-28 18:03:54.173:INFO:osjs.Server:main: jetty-9.4.5.v20170502
2017-11-28 18:03:54.258:WARN:osjs.SecurityHandler:main: ServletContext@o.s.j.s.ServletContextHandler@2173f6d9{/,null,STARTING} has uncovered http methods for path: /
2017-11-28 18:03:54.292:INFO:osjsh.ContextHandler:main: Started o.s.j.s.ServletContextHandler@2173f6d9{/,null,AVAILABLE}
2017-11-28 18:03:54.877:INFO:osjs.AbstractConnector:main: Started ServerConnector@60b145f6{HTTP/1.1,[http/1.1]}{0.0.0.0:4444}
2017-11-28 18:03:54.882:INFO:osjs.Server:main: Started @12553ms
18:03:54.882 INFO - Selenium Server is up and running
2017-11-28 18:03:55.879:INFO:osjshC.ROOT:qtp739498517-10: org.openqa.selenium.remote.server.WebDriverServlet-57536d79: Initialising WebDriverServlet
18:03:56.011 INFO - Found handler: org.openqa.selenium.remote.server.commandhandler.BeginSession@50d62e50
18:03:56.016 INFO - /session: Executing POST on /session (handler: BeginSession)
18:03:56.184 INFO - Capabilities are: Capabilities {acceptSslCerts: true, browserName: chrome, javascriptEnabled: true, name: Test}
18:03:56.188 INFO - Capabilities {acceptSslCerts: true, browserName: chrome, javascriptEnabled: true, name: Test} matched class org.openqa.selenium.remote.server.ServicedSession$Factory (provider: org.openqa.selenium.chrome.ChromeDriverService)
Starting ChromeDriver 2.33.506092 (733a02544d189eeb751fe0d7ddca79a0ee28cce4) on port 24802
Only local connections are allowed.
18:04:20.157 INFO - Detected dialect: OSS
18:04:20.908 INFO - Found handler: org.openqa.selenium.remote.server.ServicedSession@259f006e
18:04:20.908 INFO - Handler thread for session 4a1bbbd401eddd80a3d5eac29e5d649a (chrome): Executing POST on /session/4a1bbbd401eddd80a3d5eac29e5d649a/url (handler: ServicedSession)
18:04:20.928 INFO - To upstream: {"url":"http://localhost:8081"}
18:04:22.857 INFO - To downstream: {"sessionId":"4a1bbbd401eddd80a3d5eac29e5d649a","status":0,"value":null}
18:04:22.914 INFO - Found handler: org.openqa.selenium.remote.server.ServicedSession@259f006e
18:04:22.914 INFO - Handler thread for session 4a1bbbd401eddd80a3d5eac29e5d649a (chrome): Executing POST on /session/4a1bbbd401eddd80a3d5eac29e5d649a/elements (handler: ServicedSession)
18:04:22.916 INFO - To upstream: {"using":"css selector","value":"nav"}
18:04:22.998 INFO - To downstream: {"sessionId":"4a1bbbd401eddd80a3d5eac29e5d649a","status":0,"value":[{"ELEMENT":"0.3042645187555877-1"}]}
18:04:23.004 INFO - Found handler: org.openqa.selenium.remote.server.ServicedSession@259f006e
18:04:23.004 INFO - Handler thread for session 4a1bbbd401eddd80a3d5eac29e5d649a (chrome): Executing GET on /session/4a1bbbd401eddd80a3d5eac29e5d649a/element/0.3042645187555877-1/displayed (handler: ServicedSession)
18:04:23.033 INFO - To downstream: {"sessionId":"4a1bbbd401eddd80a3d5eac29e5d649a","status":0,"value":true}
18:04:23.137 INFO - Found handler: org.openqa.selenium.remote.server.ServicedSession@259f006e
18:04:23.138 INFO - Handler thread for session 4a1bbbd401eddd80a3d5eac29e5d649a (chrome): Executing POST on /session/4a1bbbd401eddd80a3d5eac29e5d649a/element (handler: ServicedSession)
18:04:23.139 INFO - To upstream: {"using":"css selector","value":"nav"}
18:04:23.162 INFO - To downstream: {"sessionId":"4a1bbbd401eddd80a3d5eac29e5d649a","status":0,"value":{"ELEMENT":"0.3042645187555877-1"}}
18:04:23.165 INFO - Found handler: org.openqa.selenium.remote.server.ServicedSession@259f006e
18:04:23.166 INFO - Handler thread for session 4a1bbbd401eddd80a3d5eac29e5d649a (chrome): Executing GET on /session/4a1bbbd401eddd80a3d5eac29e5d649a/element/0.3042645187555877-1/text (handler: ServicedSession)
18:04:23.245 INFO - To downstream: {"sessionId":"4a1bbbd401eddd80a3d5eac29e5d649a","status":0,"value":"Home Categorias Tags"}
18:04:23.250 INFO - Found handler: org.openqa.selenium.remote.server.ServicedSession@259f006e
18:04:23.251 INFO - Handler thread for session 4a1bbbd401eddd80a3d5eac29e5d649a (chrome): Executing POST on /session/4a1bbbd401eddd80a3d5eac29e5d649a/element (handler: ServicedSession)
18:04:23.258 INFO - To upstream: {"using":"css selector","value":"nav"}
18:04:23.267 INFO - To downstream: {"sessionId":"4a1bbbd401eddd80a3d5eac29e5d649a","status":0,"value":{"ELEMENT":"0.3042645187555877-1"}}
18:04:23.271 INFO - Found handler: org.openqa.selenium.remote.server.ServicedSession@259f006e
18:04:23.271 INFO - Handler thread for session 4a1bbbd401eddd80a3d5eac29e5d649a (chrome): Executing GET on /session/4a1bbbd401eddd80a3d5eac29e5d649a/element/0.3042645187555877-1/text (handler: ServicedSession)
18:04:23.284 INFO - To downstream: {"sessionId":"4a1bbbd401eddd80a3d5eac29e5d649a","status":0,"value":"Home Categorias Tags"}
18:04:23.438 INFO - Found handler: org.openqa.selenium.remote.server.ServicedSession@259f006e
18:04:23.439 INFO - Handler thread for session 4a1bbbd401eddd80a3d5eac29e5d649a (chrome): Executing POST on /session/4a1bbbd401eddd80a3d5eac29e5d649a/element (handler: ServicedSession)
18:04:23.440 INFO - To upstream: {"using":"css selector","value":"nav"}
18:04:23.509 INFO - To downstream: {"sessionId":"4a1bbbd401eddd80a3d5eac29e5d649a","status":0,"value":{"ELEMENT":"0.3042645187555877-1"}}
18:04:23.514 INFO - Found handler: org.openqa.selenium.remote.server.ServicedSession@259f006e
18:04:23.515 INFO - Handler thread for session 4a1bbbd401eddd80a3d5eac29e5d649a (chrome): Executing GET on /session/4a1bbbd401eddd80a3d5eac29e5d649a/element/0.3042645187555877-1/text (handler: ServicedSession)
18:04:23.526 INFO - To downstream: {"sessionId":"4a1bbbd401eddd80a3d5eac29e5d649a","status":0,"value":"Home Categorias Tags"}
18:04:24.630 INFO - Found handler: org.openqa.selenium.remote.server.ServicedSession@259f006e
18:04:24.630 INFO - Handler thread for session 4a1bbbd401eddd80a3d5eac29e5d649a (chrome): Executing POST on /session/4a1bbbd401eddd80a3d5eac29e5d649a/elements (handler: ServicedSession)
18:04:24.631 INFO - To upstream: {"using":"css selector","value":"article:first-child"}
18:04:24.651 INFO - To downstream: {"sessionId":"4a1bbbd401eddd80a3d5eac29e5d649a","status":0,"value":[]}
18:04:25.156 INFO - Found handler: org.openqa.selenium.remote.server.ServicedSession@259f006e
18:04:25.157 INFO - Handler thread for session 4a1bbbd401eddd80a3d5eac29e5d649a (chrome): Executing POST on /session/4a1bbbd401eddd80a3d5eac29e5d649a/elements (handler: ServicedSession)
18:04:25.158 INFO - To upstream: {"using":"css selector","value":"article:first-child"}
18:04:25.172 INFO - To downstream: {"sessionId":"4a1bbbd401eddd80a3d5eac29e5d649a","status":0,"value":[]}
18:04:25.690 INFO - Found handler: org.openqa.selenium.remote.server.ServicedSession@259f006e
18:04:25.691 INFO - Handler thread for session 4a1bbbd401eddd80a3d5eac29e5d649a (chrome): Executing POST on /session/4a1bbbd401eddd80a3d5eac29e5d649a/elements (handler: ServicedSession)
18:04:25.692 INFO - To upstream: {"using":"css selector","value":"article:first-child"}
18:04:25.704 INFO - To downstream: {"sessionId":"4a1bbbd401eddd80a3d5eac29e5d649a","status":0,"value":[]}
18:04:26.234 INFO - Found handler: org.openqa.selenium.remote.server.ServicedSession@259f006e
18:04:26.235 INFO - Handler thread for session 4a1bbbd401eddd80a3d5eac29e5d649a (chrome): Executing POST on /session/4a1bbbd401eddd80a3d5eac29e5d649a/elements (handler: ServicedSession)
18:04:26.236 INFO - To upstream: {"using":"css selector","value":"article:first-child"}
18:04:26.249 INFO - To downstream: {"sessionId":"4a1bbbd401eddd80a3d5eac29e5d649a","status":0,"value":[{"ELEMENT":"0.3042645187555877-2"}]}
18:04:26.253 INFO - Found handler: org.openqa.selenium.remote.server.ServicedSession@259f006e
18:04:26.253 INFO - Handler thread for session 4a1bbbd401eddd80a3d5eac29e5d649a (chrome): Executing GET on /session/4a1bbbd401eddd80a3d5eac29e5d649a/element/0.3042645187555877-2/displayed (handler: ServicedSession)
18:04:26.276 INFO - To downstream: {"sessionId":"4a1bbbd401eddd80a3d5eac29e5d649a","status":0,"value":true}
18:04:26.281 INFO - Found handler: org.openqa.selenium.remote.server.ServicedSession@259f006e
18:04:26.282 INFO - Handler thread for session 4a1bbbd401eddd80a3d5eac29e5d649a (chrome): Executing POST on /session/4a1bbbd401eddd80a3d5eac29e5d649a/element (handler: ServicedSession)
18:04:26.283 INFO - To upstream: {"using":"css selector","value":"article:first-child h1"}
18:04:26.304 INFO - To downstream: {"sessionId":"4a1bbbd401eddd80a3d5eac29e5d649a","status":0,"value":{"ELEMENT":"0.3042645187555877-3"}}
18:04:26.307 INFO - Found handler: org.openqa.selenium.remote.server.ServicedSession@259f006e
18:04:26.308 INFO - Handler thread for session 4a1bbbd401eddd80a3d5eac29e5d649a (chrome): Executing GET on /session/4a1bbbd401eddd80a3d5eac29e5d649a/element/0.3042645187555877-3/text (handler: ServicedSession)
18:04:26.335 INFO - To downstream: {"sessionId":"4a1bbbd401eddd80a3d5eac29e5d649a","status":0,"value":"#! Projeto Android - Fase 01'"}
18:04:26.339 INFO - Found handler: org.openqa.selenium.remote.server.ServicedSession@259f006e
18:04:26.339 INFO - Handler thread for session 4a1bbbd401eddd80a3d5eac29e5d649a (chrome): Executing POST on /session/4a1bbbd401eddd80a3d5eac29e5d649a/element (handler: ServicedSession)
18:04:26.341 INFO - To upstream: {"using":"css selector","value":"article:first-child h2"}
18:04:26.361 INFO - To downstream: {"sessionId":"4a1bbbd401eddd80a3d5eac29e5d649a","status":0,"value":{"ELEMENT":"0.3042645187555877-4"}}
18:04:26.364 INFO - Found handler: org.openqa.selenium.remote.server.ServicedSession@259f006e
18:04:26.364 INFO - Handler thread for session 4a1bbbd401eddd80a3d5eac29e5d649a (chrome): Executing GET on /session/4a1bbbd401eddd80a3d5eac29e5d649a/element/0.3042645187555877-4/text (handler: ServicedSession)
18:04:26.392 INFO - To downstream: {"sessionId":"4a1bbbd401eddd80a3d5eac29e5d649a","status":0,"value":"extend desenvolvimento"}
18:04:26.395 INFO - Found handler: org.openqa.selenium.remote.server.ServicedSession@259f006e
18:04:26.395 INFO - Handler thread for session 4a1bbbd401eddd80a3d5eac29e5d649a (chrome): Executing POST on /session/4a1bbbd401eddd80a3d5eac29e5d649a/element (handler: ServicedSession)
18:04:26.397 INFO - To upstream: {"using":"css selector","value":"article:first-child h3"}
18:04:26.418 INFO - To downstream: {"sessionId":"4a1bbbd401eddd80a3d5eac29e5d649a","status":0,"value":{"ELEMENT":"0.3042645187555877-5"}}
18:04:26.424 INFO - Found handler: org.openqa.selenium.remote.server.ServicedSession@259f006e
18:04:26.425 INFO - Handler thread for session 4a1bbbd401eddd80a3d5eac29e5d649a (chrome): Executing GET on /session/4a1bbbd401eddd80a3d5eac29e5d649a/element/0.3042645187555877-5/text (handler: ServicedSession)
18:04:26.450 INFO - To downstream: {"sessionId":"4a1bbbd401eddd80a3d5eac29e5d649a","status":0,"value":"implements android"}
18:04:26.456 INFO - Found handler: org.openqa.selenium.remote.server.ServicedSession@259f006e
18:04:26.457 INFO - Handler thread for session 4a1bbbd401eddd80a3d5eac29e5d649a (chrome): Executing POST on /session/4a1bbbd401eddd80a3d5eac29e5d649a/element (handler: ServicedSession)
18:04:26.458 INFO - To upstream: {"using":"css selector","value":"article:first-child a"}
18:04:26.478 INFO - To downstream: {"sessionId":"4a1bbbd401eddd80a3d5eac29e5d649a","status":0,"value":{"ELEMENT":"0.3042645187555877-6"}}
18:04:26.480 INFO - Found handler: org.openqa.selenium.remote.server.ServicedSession@259f006e
18:04:26.480 INFO - Handler thread for session 4a1bbbd401eddd80a3d5eac29e5d649a (chrome): Executing GET on /session/4a1bbbd401eddd80a3d5eac29e5d649a/element/0.3042645187555877-6/text (handler: ServicedSession)
18:04:26.501 INFO - To downstream: {"sessionId":"4a1bbbd401eddd80a3d5eac29e5d649a","status":0,"value":"continuar lendo"}
18:04:27.514 INFO - Found handler: org.openqa.selenium.remote.server.ServicedSession@259f006e
18:04:27.514 INFO - Handler thread for session 4a1bbbd401eddd80a3d5eac29e5d649a (chrome): Executing POST on /session/4a1bbbd401eddd80a3d5eac29e5d649a/elements (handler: ServicedSession)
18:04:27.516 INFO - To upstream: {"using":"css selector","value":"aside"}
18:04:27.549 INFO - To downstream: {"sessionId":"4a1bbbd401eddd80a3d5eac29e5d649a","status":0,"value":[{"ELEMENT":"0.3042645187555877-7"}]}
18:04:27.552 INFO - Found handler: org.openqa.selenium.remote.server.ServicedSession@259f006e
18:04:27.553 INFO - Handler thread for session 4a1bbbd401eddd80a3d5eac29e5d649a (chrome): Executing GET on /session/4a1bbbd401eddd80a3d5eac29e5d649a/element/0.3042645187555877-7/displayed (handler: ServicedSession)
18:04:27.580 INFO - To downstream: {"sessionId":"4a1bbbd401eddd80a3d5eac29e5d649a","status":0,"value":true}
18:04:27.587 INFO - Found handler: org.openqa.selenium.remote.server.ServicedSession@259f006e
18:04:27.588 INFO - Handler thread for session 4a1bbbd401eddd80a3d5eac29e5d649a (chrome): Executing POST on /session/4a1bbbd401eddd80a3d5eac29e5d649a/element (handler: ServicedSession)
18:04:27.589 INFO - To upstream: {"using":"css selector","value":"aside h3"}
18:04:27.615 INFO - To downstream: {"sessionId":"4a1bbbd401eddd80a3d5eac29e5d649a","status":0,"value":{"ELEMENT":"0.3042645187555877-8"}}
18:04:27.622 INFO - Found handler: org.openqa.selenium.remote.server.ServicedSession@259f006e
18:04:27.623 INFO - Handler thread for session 4a1bbbd401eddd80a3d5eac29e5d649a (chrome): Executing GET on /session/4a1bbbd401eddd80a3d5eac29e5d649a/element/0.3042645187555877-8/text (handler: ServicedSession)
18:04:27.650 INFO - To downstream: {"sessionId":"4a1bbbd401eddd80a3d5eac29e5d649a","status":0,"value":"/Categorias"}
18:04:27.665 INFO - Found handler: org.openqa.selenium.remote.server.ServicedSession@259f006e
18:04:27.665 INFO - Handler thread for session 4a1bbbd401eddd80a3d5eac29e5d649a (chrome): Executing POST on /session/4a1bbbd401eddd80a3d5eac29e5d649a/element (handler: ServicedSession)
18:04:27.666 INFO - To upstream: {"using":"css selector","value":"aside ul"}
18:04:27.689 INFO - To downstream: {"sessionId":"4a1bbbd401eddd80a3d5eac29e5d649a","status":0,"value":{"ELEMENT":"0.3042645187555877-9"}}
18:04:27.692 INFO - Found handler: org.openqa.selenium.remote.server.ServicedSession@259f006e
18:04:27.692 INFO - Handler thread for session 4a1bbbd401eddd80a3d5eac29e5d649a (chrome): Executing GET on /session/4a1bbbd401eddd80a3d5eac29e5d649a/element/0.3042645187555877-9/text (handler: ServicedSession)
18:04:27.716 INFO - To downstream: {"sessionId":"4a1bbbd401eddd80a3d5eac29e5d649a","status":0,"value":"./blog\n./desenvolvimento"}
18:04:27.720 INFO - Found handler: org.openqa.selenium.remote.server.ServicedSession@259f006e
18:04:27.721 INFO - Handler thread for session 4a1bbbd401eddd80a3d5eac29e5d649a (chrome): Executing POST on /session/4a1bbbd401eddd80a3d5eac29e5d649a/element (handler: ServicedSession)
18:04:27.722 INFO - To upstream: {"using":"css selector","value":"aside h3:nth-of-type(2)"}
18:04:27.743 INFO - To downstream: {"sessionId":"4a1bbbd401eddd80a3d5eac29e5d649a","status":0,"value":{"ELEMENT":"0.3042645187555877-10"}}
18:04:27.745 INFO - Found handler: org.openqa.selenium.remote.server.ServicedSession@259f006e
18:04:27.746 INFO - Handler thread for session 4a1bbbd401eddd80a3d5eac29e5d649a (chrome): Executing GET on /session/4a1bbbd401eddd80a3d5eac29e5d649a/element/0.3042645187555877-10/text (handler: ServicedSession)
18:04:27.766 INFO - To downstream: {"sessionId":"4a1bbbd401eddd80a3d5eac29e5d649a","status":0,"value":"/tags"}
18:04:27.771 INFO - Found handler: org.openqa.selenium.remote.server.ServicedSession@259f006e
18:04:27.771 INFO - Handler thread for session 4a1bbbd401eddd80a3d5eac29e5d649a (chrome): Executing POST on /session/4a1bbbd401eddd80a3d5eac29e5d649a/element (handler: ServicedSession)
18:04:27.772 INFO - To upstream: {"using":"css selector","value":"aside ul:nth-of-type(2)"}
18:04:27.792 INFO - To downstream: {"sessionId":"4a1bbbd401eddd80a3d5eac29e5d649a","status":0,"value":{"ELEMENT":"0.3042645187555877-11"}}
18:04:27.797 INFO - Found handler: org.openqa.selenium.remote.server.ServicedSession@259f006e
18:04:27.797 INFO - Handler thread for session 4a1bbbd401eddd80a3d5eac29e5d649a (chrome): Executing GET on /session/4a1bbbd401eddd80a3d5eac29e5d649a/element/0.3042645187555877-11/text (handler: ServicedSession)
18:04:27.824 INFO - To downstream: {"sessionId":"4a1bbbd401eddd80a3d5eac29e5d649a","status":0,"value":"./algoritmos\n./android\n./banco de dados\n./inicio\n./mongodb\n./symfony"}
18:04:27.828 INFO - Found handler: org.openqa.selenium.remote.server.ServicedSession@259f006e
18:04:27.829 INFO - Handler thread for session 4a1bbbd401eddd80a3d5eac29e5d649a (chrome): Executing POST on /session/4a1bbbd401eddd80a3d5eac29e5d649a/element (handler: ServicedSession)
18:04:27.830 INFO - To upstream: {"using":"css selector","value":"aside h3:nth-of-type(3)"}
18:04:27.848 INFO - To downstream: {"sessionId":"4a1bbbd401eddd80a3d5eac29e5d649a","status":0,"value":{"ELEMENT":"0.3042645187555877-12"}}
18:04:27.850 INFO - Found handler: org.openqa.selenium.remote.server.ServicedSession@259f006e
18:04:27.851 INFO - Handler thread for session 4a1bbbd401eddd80a3d5eac29e5d649a (chrome): Executing GET on /session/4a1bbbd401eddd80a3d5eac29e5d649a/element/0.3042645187555877-12/text (handler: ServicedSession)
18:04:27.872 INFO - To downstream: {"sessionId":"4a1bbbd401eddd80a3d5eac29e5d649a","status":0,"value":"$top"}
18:04:27.876 INFO - Found handler: org.openqa.selenium.remote.server.ServicedSession@259f006e
18:04:27.876 INFO - Handler thread for session 4a1bbbd401eddd80a3d5eac29e5d649a (chrome): Executing POST on /session/4a1bbbd401eddd80a3d5eac29e5d649a/element (handler: ServicedSession)
18:04:27.877 INFO - To upstream: {"using":"css selector","value":"aside ul:nth-of-type(3)"}
18:04:27.896 INFO - To downstream: {"sessionId":"4a1bbbd401eddd80a3d5eac29e5d649a","status":0,"value":{"ELEMENT":"0.3042645187555877-13"}}
18:04:27.898 INFO - Found handler: org.openqa.selenium.remote.server.ServicedSession@259f006e
18:04:27.898 INFO - Handler thread for session 4a1bbbd401eddd80a3d5eac29e5d649a (chrome): Executing GET on /session/4a1bbbd401eddd80a3d5eac29e5d649a/element/0.3042645187555877-13/text (handler: ServicedSession)
18:04:27.923 INFO - To downstream: {"sessionId":"4a1bbbd401eddd80a3d5eac29e5d649a","status":0,"value":"3,0 Projeto Android - Fase 01'\n3,1 Mongodb no Symfony\n3,2 Utilizando login com symfony e mongodb\n3,3 Testando algoritmos\n1,4 Sobre mim"}
18:04:27.926 INFO - Found handler: org.openqa.selenium.remote.server.ServicedSession@259f006e
18:04:27.929 INFO - Handler thread for session 4a1bbbd401eddd80a3d5eac29e5d649a (chrome): Executing POST on /session/4a1bbbd401eddd80a3d5eac29e5d649a/element (handler: ServicedSession)
18:04:27.930 INFO - To upstream: {"using":"css selector","value":"aside h3:nth-of-type(4)"}
18:04:27.956 INFO - To downstream: {"sessionId":"4a1bbbd401eddd80a3d5eac29e5d649a","status":0,"value":{"ELEMENT":"0.3042645187555877-14"}}
18:04:27.959 INFO - Found handler: org.openqa.selenium.remote.server.ServicedSession@259f006e
18:04:27.960 INFO - Handler thread for session 4a1bbbd401eddd80a3d5eac29e5d649a (chrome): Executing GET on /session/4a1bbbd401eddd80a3d5eac29e5d649a/element/0.3042645187555877-14/text (handler: ServicedSession)
18:04:27.981 INFO - To downstream: {"sessionId":"4a1bbbd401eddd80a3d5eac29e5d649a","status":0,"value":"/feed"}
18:04:27.984 INFO - Found handler: org.openqa.selenium.remote.server.ServicedSession@259f006e
18:04:27.984 INFO - Handler thread for session 4a1bbbd401eddd80a3d5eac29e5d649a (chrome): Executing POST on /session/4a1bbbd401eddd80a3d5eac29e5d649a/element (handler: ServicedSession)
18:04:27.985 INFO - To upstream: {"using":"css selector","value":"aside h3:nth-of-type(5)"}
18:04:28.004 INFO - To downstream: {"sessionId":"4a1bbbd401eddd80a3d5eac29e5d649a","status":0,"value":{"ELEMENT":"0.3042645187555877-15"}}
18:04:28.008 INFO - Found handler: org.openqa.selenium.remote.server.ServicedSession@259f006e
18:04:28.008 INFO - Handler thread for session 4a1bbbd401eddd80a3d5eac29e5d649a (chrome): Executing GET on /session/4a1bbbd401eddd80a3d5eac29e5d649a/element/0.3042645187555877-15/text (handler: ServicedSession)
18:04:28.032 INFO - To downstream: {"sessionId":"4a1bbbd401eddd80a3d5eac29e5d649a","status":0,"value":"/Social"}
18:04:28.039 INFO - Found handler: org.openqa.selenium.remote.server.ServicedSession@259f006e
18:04:28.040 INFO - Handler thread for session 4a1bbbd401eddd80a3d5eac29e5d649a (chrome): Executing POST on /session/4a1bbbd401eddd80a3d5eac29e5d649a/element (handler: ServicedSession)
18:04:28.041 INFO - To upstream: {"using":"css selector","value":"aside ul:nth-of-type(4)"}
18:04:28.061 INFO - To downstream: {"sessionId":"4a1bbbd401eddd80a3d5eac29e5d649a","status":0,"value":{"ELEMENT":"0.3042645187555877-16"}}
18:04:28.063 INFO - Found handler: org.openqa.selenium.remote.server.ServicedSession@259f006e
18:04:28.063 INFO - Handler thread for session 4a1bbbd401eddd80a3d5eac29e5d649a (chrome): Executing GET on /session/4a1bbbd401eddd80a3d5eac29e5d649a/element/0.3042645187555877-16/text (handler: ServicedSession)
18:04:28.086 INFO - To downstream: {"sessionId":"4a1bbbd401eddd80a3d5eac29e5d649a","status":0,"value":"./facebook\n./github\n./email"}
18:04:28.092 INFO - Found handler: org.openqa.selenium.remote.server.ServicedSession@259f006e
18:04:28.092 INFO - Handler thread for session 4a1bbbd401eddd80a3d5eac29e5d649a (chrome): Executing POST on /session/4a1bbbd401eddd80a3d5eac29e5d649a/element (handler: ServicedSession)
18:04:28.093 INFO - To upstream: {"using":"css selector","value":"article:first-child a"}
18:04:28.100 INFO - To downstream: {"sessionId":"4a1bbbd401eddd80a3d5eac29e5d649a","status":0,"value":{"ELEMENT":"0.3042645187555877-6"}}
18:04:28.103 INFO - Found handler: org.openqa.selenium.remote.server.ServicedSession@259f006e
18:04:28.103 INFO - Handler thread for session 4a1bbbd401eddd80a3d5eac29e5d649a (chrome): Executing POST on /session/4a1bbbd401eddd80a3d5eac29e5d649a/element/0.3042645187555877-6/click (handler: ServicedSession)
18:04:28.104 INFO - To upstream: 
18:04:28.210 INFO - To downstream: {"sessionId":"4a1bbbd401eddd80a3d5eac29e5d649a","status":0,"value":null}
18:04:30.278 INFO - Found handler: org.openqa.selenium.remote.server.ServicedSession@259f006e
18:04:30.278 INFO - Handler thread for session 4a1bbbd401eddd80a3d5eac29e5d649a (chrome): Executing DELETE on /session/4a1bbbd401eddd80a3d5eac29e5d649a (handler: ServicedSession)
18:04:30.330 INFO - To downstream: {"sessionId":"4a1bbbd401eddd80a3d5eac29e5d649a","status":0,"value":null}
18:04:30.411 INFO - Removing session org.openqa.selenium.remote.server.ServicedSession@259f006e
18:04:30.416 INFO - To downstream: {"sessionId":"","status":0,"value":null}
